2026-03-10 08:01:12 INFO  server started on port 8080
2026-03-10 08:01:13 INFO  database connection established
2026-03-10 08:02:45 INFO  GET /index.html 200 12ms
2026-03-10 08:03:01 INFO  GET /style.css 200 3ms
2026-03-10 08:03:02 INFO  GET /app.js 200 5ms
2026-03-10 08:04:15 WARN  slow query detected: 2340ms
2026-03-10 08:05:33 INFO  POST /api/login 200 45ms
2026-03-10 08:05:34 INFO  session created for user=alice
2026-03-10 08:06:12 INFO  GET /dashboard 200 18ms
2026-03-10 08:07:44 ERROR connection timeout: database pool exhausted
2026-03-10 08:07:45 ERROR retry 1/3: reconnecting to database
2026-03-10 08:07:46 INFO  database connection re-established
2026-03-10 08:08:01 INFO  GET /api/reports 200 132ms
2026-03-10 08:09:15 INFO  POST /api/login 200 38ms
2026-03-10 08:09:16 INFO  session created for user=bob
2026-03-10 08:10:30 INFO  GET /dashboard 200 22ms
2026-03-10 08:11:02 WARN  disk usage at 85%
2026-03-10 08:12:45 INFO  GET /api/reports 200 98ms
2026-03-10 08:13:20 INFO  POST /api/upload 201 512ms
2026-03-10 08:14:01 ERROR file too large: upload rejected (max 10MB)
2026-03-10 08:14:02 INFO  GET /api/reports 200 105ms
2026-03-10 08:15:30 INFO  POST /api/login 200 41ms
2026-03-10 08:15:31 INFO  session created for user=charlie
2026-03-10 08:16:45 INFO  GET /dashboard 200 19ms
2026-03-10 08:17:02 WARN  SSL certificate expires in 7 days
2026-03-10 08:18:10 INFO  GET /api/users 200 67ms
2026-03-10 08:19:33 ERROR connection timeout: database pool exhausted
2026-03-10 08:19:34 ERROR retry 1/3: reconnecting to database
2026-03-10 08:19:35 ERROR retry 2/3: reconnecting to database
2026-03-10 08:19:36 INFO  database connection re-established
2026-03-10 08:20:01 INFO  GET /index.html 200 11ms
2026-03-10 08:21:15 INFO  POST /api/login 200 39ms
2026-03-10 08:21:16 INFO  session created for user=alice
2026-03-10 08:22:30 INFO  GET /dashboard 200 20ms
2026-03-10 08:23:45 WARN  slow query detected: 1890ms
2026-03-10 08:24:01 INFO  GET /api/reports 200 145ms
2026-03-10 08:25:12 INFO  POST /api/logout 200 8ms
2026-03-10 08:26:30 INFO  GET /style.css 200 3ms
2026-03-10 08:27:01 INFO  GET /app.js 200 4ms
2026-03-10 08:28:15 ERROR authentication failed: invalid token for user=dave
2026-03-10 08:28:45 INFO  POST /api/login 200 42ms
2026-03-10 08:28:46 INFO  session created for user=dave
2026-03-10 08:29:30 INFO  GET /dashboard 200 21ms
2026-03-10 08:30:01 INFO  scheduled backup started
2026-03-10 08:30:45 WARN  backup running longer than expected
2026-03-10 08:31:20 INFO  scheduled backup completed (45.2s)
2026-03-10 08:32:01 INFO  GET /api/reports 200 88ms
2026-03-10 08:33:15 INFO  POST /api/upload 201 234ms
2026-03-10 08:34:02 INFO  GET /api/users 200 55ms
2026-03-10 08:35:30 ERROR connection timeout: database pool exhausted
2026-03-10 08:35:31 ERROR retry 1/3: reconnecting to database
2026-03-10 08:35:32 ERROR retry 2/3: reconnecting to database
2026-03-10 08:35:33 ERROR retry 3/3: reconnecting to database
2026-03-10 08:35:34 ERROR database connection failed — entering degraded mode
2026-03-10 08:36:01 WARN  serving cached responses only
2026-03-10 08:37:15 INFO  GET /index.html 200 8ms (cached)
2026-03-10 08:38:02 INFO  database connection re-established
2026-03-10 08:38:03 INFO  leaving degraded mode
2026-03-10 08:39:15 INFO  GET /api/reports 200 92ms
2026-03-10 08:40:01 INFO  server shutdown initiated
2026-03-10 08:40:02 INFO  closing 4 active connections
2026-03-10 08:40:03 INFO  server stopped
